[2024-05-29T04:52:57.154485+02:00] activity_log.INFO: verifikasi {"admin":"Master Admin PPID","description":"Verifikasi Penolakan Permohonan Informasi dengan alasan (permohonan informasi ditolak karena informasi yang dibutuhkan dan alasan pengguna informasi tidak valid) dengan nomer registrasi pemohon "} []
[2024-05-29T04:54:24.446426+02:00] activity_log.INFO: verifikasi {"admin":"Master Admin PPID","description":"Verifikasi Penolakan Permohonan Informasi dengan alasan (permohonan informasi ditolak karena informasi yang dibutuhkan dan alasan pengguna informasi tidak valid) dengan nomer registrasi pemohon "} []
[2024-06-17T08:33:26.377781+02:00] activity_log.INFO: verifikasi {"admin":"Master Admin PPID","description":"Meverifikasi Permohonan Informasi dengan nomer registrasi 0387/PPID-Jateng/VI/2024"} []
[2024-06-17T12:30:05.707809+02:00] activity_log.INFO: Jawaban {"admin":"Master Admin PPID","description":"telah menjawab permohonan informasi dengan Kartu Bimbingan Skripsi Tegar Arsyadani.pdf nomer registrasi 0387/PPID-Jateng/VI/2024"} []
[2024-06-17T12:32:30.810056+02:00] activity_log.INFO: Jawaban {"admin":"Master Admin PPID","description":"telah menjawab permohonan informasi dengan Kartu Bimbingan Skripsi Tegar Arsyadani.pdf nomer registrasi 0387/PPID-Jateng/VI/2024"} []
[2024-06-17T21:03:56.804907+02:00] activity_log.INFO: verifikasi {"admin":"Master Admin PPID","description":"SUdah Memverifikasi Keberatan Permohonan Informasi dengan nomer registrasi keberatan 0041/KEBERATAN/VI/2024"} []
[2024-06-17T21:05:41.791540+02:00] activity_log.INFO: verifikasi {"admin":"Master Admin PPID","description":"SUdah Memverifikasi Keberatan Permohonan Informasi dengan nomer registrasi keberatan 0041/KEBERATAN/VI/2024"} []
[2024-06-17T21:06:22.020482+02:00] activity_log.INFO: verifikasi {"admin":"Master Admin PPID","description":"SUdah Memverifikasi Keberatan Permohonan Informasi dengan nomer registrasi keberatan 0041/KEBERATAN/VI/2024"} []
[2024-06-17T21:31:19.925003+02:00] activity_log.INFO: verifikasi {"admin":"Master Admin PPID","description":"SUdah Memverifikasi Keberatan Permohonan Informasi dengan nomer registrasi keberatan 0038/KEBERATAN/VI/2024"} []
[2024-06-17T21:38:36.033727+02:00] activity_log.INFO: verifikasi {"admin":"Master Admin PPID","description":"SUdah Memverifikasi Keberatan Permohonan Informasi dengan nomer registrasi keberatan 0041/KEBERATAN/VI/2024"} []
[2024-06-18T08:15:19.187209+02:00] activity_log.INFO: verifikasi {"admin":"Master Admin PPID","description":"SUdah Memverifikasi Keberatan Permohonan Informasi dengan nomer registrasi keberatan 0038/KEBERATAN/VI/2024"} []
[2024-06-18T08:26:20.945668+02:00] activity_log.INFO: verifikasi {"admin":"Master Admin PPID","description":"SUdah Memverifikasi Keberatan Permohonan Informasi dengan nomer registrasi keberatan 0038/KEBERATAN/VI/2024"} []
[2024-06-18T10:50:44.446838+02:00] activity_log.INFO: verifikasi {"admin":"Master Admin PPID","description":"Meverifikasi Permohonan Informasi dengan nomer registrasi 0380/PPID-Jateng/V/2024"} []
[2024-06-18T10:55:27.757083+02:00] activity_log.INFO: verifikasi {"admin":"Master Admin PPID","description":"Meverifikasi Permohonan Informasi dengan nomer registrasi 0380/PPID-Jateng/V/2024"} []
[2024-06-18T11:00:41.401580+02:00] activity_log.INFO: verifikasi {"admin":"Master Admin PPID","description":"Meverifikasi Permohonan Informasi dengan nomer registrasi 0380/PPID-Jateng/V/2024"} []
[2024-06-18T11:02:48.074999+02:00] activity_log.INFO: verifikasi {"admin":"Master Admin PPID","description":"Meverifikasi Permohonan Informasi dengan nomer registrasi 0377/PPID-Jateng/III/2024"} []
[2024-06-18T21:48:40.630880+02:00] activity_log.INFO: verifikasi {"admin":null,"description":"Meverifikasi Permohonan Informasi dengan nomer registrasi 0387/PPID-Jateng/VI/2024"} []
[2024-06-19T15:31:08.959517+02:00] activity_log.INFO: verifikasi {"admin":"Master Admin PPID","description":"Meverifikasi Permohonan Informasi dengan nomer registrasi 0392/PPID-Jateng/VI/2024"} []
[2024-06-19T16:44:50.770505+02:00] activity_log.INFO: Jawaban {"admin":"Master Admin PPID","description":"telah menjawab permohonan informasi dengan Struktur Data 1.pdf nomer registrasi 0392/PPID-Jateng/VI/2024"} []
[2024-06-19T16:44:57.796858+02:00] activity_log.INFO: Jawaban {"admin":"Master Admin PPID","description":"telah menjawab permohonan informasi dengan Struktur Data 1.pdf nomer registrasi 0392/PPID-Jateng/VI/2024"} []
[2024-06-19T16:56:06.909000+02:00] activity_log.INFO: verifikasi {"admin":"Master Admin PPID","description":"SUdah Memverifikasi Keberatan Permohonan Informasi dengan nomer registrasi keberatan 0040/KEBERATAN/VI/2024"} []
[2024-06-20T05:20:18.087412+02:00] activity_log.INFO: Jawaban {"admin":"Master Admin PPID","description":"telah menjawab keberatan permohonan informasi dengan bukti PTTA-2000018243 (1).pdf nomer registrasi 0040/KEBERATAN/VI/2024"} []
[2024-06-20T05:26:59.043348+02:00] activity_log.INFO: Jawaban {"admin":"Master Admin PPID","description":"telah menjawab keberatan permohonan informasi dengan Kartu Bimbingan Skripsi Tegar Arsyadani.pdf nomer registrasi 0040/KEBERATAN/VI/2024"} []
[2024-06-20T05:29:06.115029+02:00] activity_log.INFO: Jawaban {"admin":"Master Admin PPID","description":"telah menjawab keberatan permohonan informasi dengan bukti PTTA-2000018243 (1).pdf nomer registrasi 0040/KEBERATAN/VI/2024"} []
[2024-06-20T05:34:27.151164+02:00] activity_log.INFO: Note {"admin":null,"description":"telah memberikan note Keberatan informasi pemohon dengan nama  dengan nomer registrasi 0040/KEBERATAN/VI/2024 pada tanggal 2024-06-29 dengan status keberatan pengajuan keberatan sidang sengketa "} []
[2024-06-20T05:35:19.258933+02:00] activity_log.INFO: Note {"admin":null,"description":"telah memberikan note Keberatan informasi pemohon dengan nama  dengan nomer registrasi 0040/KEBERATAN/VI/2024 pada tanggal 2024-06-29 dengan status keberatan pengajuan keberatan sidang sengketa "} []
[2024-06-20T06:50:22.391949+02:00] activity_log.INFO: Jawaban {"admin":"Master Admin PPID","description":"telah menjawab keberatan permohonan informasi dengan Struktur Data 1.pdf nomer registrasi 0040/KEBERATAN/VI/2024"} []
[2024-06-20T09:54:08.921948+02:00] activity_log.INFO: verifikasi {"admin":"Master Admin PPID","description":"Meverifikasi Permohonan Informasi dengan nomer registrasi 0394/PPID-Jateng/VI/2024"} []
[2024-06-20T09:55:38.462242+02:00] activity_log.INFO: Jawaban {"admin":"Master Admin PPID","description":"telah menjawab permohonan informasi dengan T1_1900018111_BAB_IV__240530123043.pdf nomer registrasi 0394/PPID-Jateng/VI/2024"} []
[2024-06-20T10:20:22.140206+02:00] activity_log.INFO: verifikasi {"admin":null,"description":"Verifikasi Penolakan Keberatan Permohonan Informasi dengan alasan (                             <?php else: ?>\r\n                // Tampilkan pesan bahwa pengguna tidak memiliki izin\r\n                Swal.fire(\r\n                    'Tidak Diizinkan!',\r\n                    'Anda tidak memiliki izin untuk menghapus data.',\r\n                    'error'\r\n                );\r\n            <?php endif; ?>               ) dengan nomer registrasi keberatan pemohon 0042/KEBERATAN/VI/2024"} []
[2024-06-20T13:47:00.667593+02:00] activity_log.INFO: verifikasi {"admin":null,"description":"Verifikasi Penolakan Keberatan Permohonan Informasi dengan alasan (gggggg                 ) dengan nomer registrasi keberatan pemohon 0042/KEBERATAN/VI/2024"} []
[2024-06-20T13:48:01.484127+02:00] activity_log.INFO: verifikasi {"admin":null,"description":"Verifikasi Penolakan Keberatan Permohonan Informasi dengan alasan (gggggg                 ) dengan nomer registrasi keberatan pemohon 0042/KEBERATAN/VI/2024"} []
[2024-06-20T13:51:26.030582+02:00] activity_log.INFO: verifikasi {"admin":null,"description":"Verifikasi Penolakan Keberatan Permohonan Informasi dengan alasan (                                v            ) dengan nomer registrasi keberatan pemohon 0042/KEBERATAN/VI/2024"} []
[2024-06-20T13:53:26.786538+02:00] activity_log.INFO: verifikasi {"admin":null,"description":"Verifikasi Penolakan Keberatan Permohonan Informasi dengan alasan (,mmmm;lj;                   ) dengan nomer registrasi keberatan pemohon 0042/KEBERATAN/VI/2024"} []
[2024-06-20T13:55:42.014165+02:00] activity_log.INFO: verifikasi {"admin":null,"description":"Verifikasi Penolakan Keberatan Permohonan Informasi dengan alasan (           v                                 ) dengan nomer registrasi keberatan pemohon 0042/KEBERATAN/VI/2024"} []
[2024-06-20T13:57:20.139491+02:00] activity_log.INFO: verifikasi {"admin":null,"description":"Verifikasi Penolakan Keberatan Permohonan Informasi dengan alasan (              d                             ) dengan nomer registrasi keberatan pemohon 0042/KEBERATAN/VI/2024"} []
[2024-06-20T13:58:35.140392+02:00] activity_log.INFO: verifikasi {"admin":null,"description":"Verifikasi Penolakan Keberatan Permohonan Informasi dengan alasan (c) dengan nomer registrasi keberatan pemohon 0042/KEBERATAN/VI/2024"} []
[2024-06-20T13:59:34.832012+02:00] activity_log.INFO: verifikasi {"admin":null,"description":"Verifikasi Penolakan Keberatan Permohonan Informasi dengan alasan (s) dengan nomer registrasi keberatan pemohon 0042/KEBERATAN/VI/2024"} []
[2024-06-20T14:01:02.707900+02:00] activity_log.INFO: verifikasi {"admin":null,"description":"Verifikasi Penolakan Keberatan Permohonan Informasi dengan alasan (             x                               ) dengan nomer registrasi keberatan pemohon 0042/KEBERATAN/VI/2024"} []
[2024-06-20T14:05:18.230099+02:00] activity_log.INFO: verifikasi {"admin":null,"description":"Verifikasi Penolakan Keberatan Permohonan Informasi dengan alasan (q                           ) dengan nomer registrasi keberatan pemohon 0042/KEBERATAN/VI/2024"} []
[2024-06-20T14:06:08.833192+02:00] activity_log.INFO: verifikasi {"admin":null,"description":"Verifikasi Penolakan Keberatan Permohonan Informasi dengan alasan (                                            m) dengan nomer registrasi keberatan pemohon 0042/KEBERATAN/VI/2024"} []
[2024-06-20T14:07:51.321142+02:00] activity_log.INFO: verifikasi {"admin":null,"description":"Verifikasi Penolakan Keberatan Permohonan Informasi dengan alasan (   f                                         ) dengan nomer registrasi keberatan pemohon 0042/KEBERATAN/VI/2024"} []
[2024-06-20T14:13:58.738421+02:00] activity_log.INFO: verifikasi {"admin":null,"description":"Verifikasi Penolakan Permohonan Informasi dengan alasan (d                             ) dengan nomer registrasi pemohon 0395/PPID-Jateng/VI/2024"} []
[2024-06-20T14:15:19.113771+02:00] activity_log.INFO: Note {"admin":null,"description":"telah memberikan note Keberatan informasi pemohon dengan nama  dengan nomer registrasi 0040/KEBERATAN/VI/2024 pada tanggal 2024-06-20 dengan status emboh "} []
[2024-06-20T14:16:02.134386+02:00] activity_log.INFO: Note {"admin":null,"description":"telah memberikan note Keberatan informasi pemohon dengan nama  dengan nomer registrasi 0040/KEBERATAN/VI/2024 pada tanggal 2024-06-20 dengan status rersrrr "} []
[2024-06-20T14:17:56.899740+02:00] activity_log.INFO: Note {"admin":"Master Admin PPID","description":"telah memberikan note Keberatan informasi pemohon dengan nama  dengan nomer registrasi 0040/KEBERATAN/VI/2024 pada tanggal 2024-06-21 dengan status session_start(); "} []
[2024-06-20T14:51:48.428860+02:00] activity_log.INFO: verifikasi {"admin":"Master Admin PPID","description":"Meverifikasi Permohonan Informasi dengan nomer registrasi 0395/PPID-Jateng/VI/2024"} []
[2024-06-20T14:53:33.623268+02:00] activity_log.INFO: Jawaban {"admin":"Master Admin PPID","description":"telah menjawab permohonan informasi dengan T1_1900018005_BAB_IV__240516065028 (2).pdf nomer registrasi 0395/PPID-Jateng/VI/2024"} []
[2024-06-20T15:09:45.624724+02:00] activity_log.INFO: verifikasi {"admin":"Master Admin PPID","description":"Verifikasi Penolakan Keberatan Permohonan Informasi dengan alasan (kuasa permohon tidak valid) dengan nomer registrasi keberatan pemohon 0043/KEBERATAN/VI/2024"} []
